[debug] [2018-09-22T01:55:22.994Z] ----------------------------------------------------------------------
[debug] [2018-09-22T01:55:22.997Z] Command:       C:\Program Files\nodejs\node.exe C:\Users\july1\AppData\Roaming\npm\node_modules\firebase-tools\bin\firebase deploy --only functions
[debug] [2018-09-22T01:55:22.998Z] CLI Version:   4.2.1
[debug] [2018-09-22T01:55:22.998Z] Platform:      win32
[debug] [2018-09-22T01:55:22.998Z] Node Version:  v10.6.0
[debug] [2018-09-22T01:55:22.999Z] Time:          Fri Sep 21 2018 19:55:22 GMT-0600 (Central Standard Time)
[debug] [2018-09-22T01:55:22.999Z] ----------------------------------------------------------------------
[debug] 
[debug] [2018-09-22T01:55:23.010Z] > command requires scopes: ["email","openid","https://www.googleapis.com/auth/cloudplatformprojects.readonly","https://www.googleapis.com/auth/firebase","https://www.googleapis.com/auth/cloud-platform"]
[debug] [2018-09-22T01:55:23.011Z] > authorizing via signed-in user
[debug] [2018-09-22T01:55:23.013Z] > refreshing access token with scopes: ["email","https://www.googleapis.com/auth/cloud-platform","https://www.googleapis.com/auth/cloudplatformprojects.readonly","https://www.googleapis.com/auth/firebase","openid"]
[debug] [2018-09-22T01:55:23.013Z] >>> HTTP REQUEST POST https://www.googleapis.com/oauth2/v3/token  

[debug] [2018-09-22T01:55:23.641Z] <<< HTTP RESPONSE 200
[debug] [2018-09-22T01:55:23.647Z] >>> HTTP REQUEST GET https://admin.firebase.com/v1/projects/rommie-91186  
 
[debug] [2018-09-22T01:55:24.489Z] <<< HTTP RESPONSE 200
[info] 
[info] === Deploying to 'rommie-91186'...
[info] 
[info] i  deploying functions
[debug] [2018-09-22T01:55:27.312Z] > [functions] package.json contents: {
  "name": "functions",
  "description": "Cloud Functions for Firebase",
  "scripts": {
    "serve": "firebase serve --only functions",
    "shell": "firebase functions:shell",
    "start": "npm run shell",
    "deploy": "firebase deploy --only functions",
    "logs": "firebase functions:log"
  },
  "dependencies": {
    "firebase-admin": "~6.0.0",
    "firebase-functions": "^2.0.3",
    "js-joda": "1.8.2",
    "js-joda-timezone": "2.0.0"
  },
  "private": true
}
[info] i  functions: ensuring necessary APIs are enabled...
[debug] [2018-09-22T01:55:27.314Z] >>> HTTP REQUEST GET https://servicemanagement.googleapis.com/v1/services/cloudfunctions.googleapis.com/projectSettings/rommie-91186?view=CONSUMER_VIEW  
 
[debug] [2018-09-22T01:55:27.314Z] >>> HTTP REQUEST GET https://servicemanagement.googleapis.com/v1/services/runtimeconfig.googleapis.com/projectSettings/rommie-91186?view=CONSUMER_VIEW  
 
[debug] [2018-09-22T01:55:28.571Z] <<< HTTP RESPONSE 200
[debug] [2018-09-22T01:55:28.709Z] <<< HTTP RESPONSE 200
[info] +  functions: all necessary APIs are enabled
[debug] [2018-09-22T01:55:28.710Z] >>> HTTP REQUEST GET https://cloudresourcemanager.googleapis.com/v1/projects/rommie-91186  
 
[debug] [2018-09-22T01:55:29.336Z] <<< HTTP RESPONSE 200
[debug] [2018-09-22T01:55:29.336Z] >>> HTTP REQUEST GET https://mobilesdk-pa.googleapis.com/v1/projects/1016122522358:getServerAppConfig  
 
[debug] [2018-09-22T01:55:29.976Z] <<< HTTP RESPONSE 200
[info] i  functions: preparing functions directory for uploading...
[debug] [2018-09-22T01:55:29.978Z] >>> HTTP REQUEST GET https://runtimeconfig.googleapis.com/v1beta1/projects/rommie-91186/configs  
 
[debug] [2018-09-22T01:55:30.556Z] <<< HTTP RESPONSE 200
[debug] [2018-09-22T01:55:30.799Z] >>> HTTP REQUEST GET https://cloudfunctions.googleapis.com/v1/projects/rommie-91186/locations/-/functions  
 
[debug] [2018-09-22T01:55:31.964Z] <<< HTTP RESPONSE 200
[info] 
The following functions are found in your project but do not exist in your local source code:
	addDateToEvent(us-central1)
	increaseFavorites(us-central1)
	markAsDelivered(us-central1)
	updateDateToEvent(us-central1)

If you are renaming a function or changing its region, it is recommended that you create the new function first before deleting the old one to prevent event loss. For more info, visit https://firebase.google.com/docs/functions/manage-functions#modify

