[debug] [2018-08-16T22:33:03.476Z] ----------------------------------------------------------------------
[debug] [2018-08-16T22:33:03.480Z] Command:       C:\Program Files\nodejs\node.exe C:\Users\july1\AppData\Roaming\npm\node_modules\firebase-tools\bin\firebase deploy --only functions
[debug] [2018-08-16T22:33:03.480Z] CLI Version:   4.1.0
[debug] [2018-08-16T22:33:03.480Z] Platform:      win32
[debug] [2018-08-16T22:33:03.480Z] Node Version:  v10.6.0
[debug] [2018-08-16T22:33:03.490Z] Time:          Thu Aug 16 2018 16:33:03 GMT-0600 (Central Standard Time)
[debug] [2018-08-16T22:33:03.490Z] ----------------------------------------------------------------------
[debug] 
[debug] [2018-08-16T22:33:03.501Z] > command requires scopes: ["email","openid","https://www.googleapis.com/auth/cloudplatformprojects.readonly","https://www.googleapis.com/auth/firebase","https://www.googleapis.com/auth/cloud-platform"]
[debug] [2018-08-16T22:33:03.501Z] > authorizing via signed-in user
[debug] [2018-08-16T22:33:03.503Z] >>> HTTP REQUEST GET https://admin.firebase.com/v1/projects/rommie-91186  
 
[debug] [2018-08-16T22:33:04.727Z] <<< HTTP RESPONSE 200
[debug] [2018-08-16T22:33:04.728Z] >>> HTTP REQUEST GET https://admin.firebase.com/v1/database/rommie-91186/tokens  
 
[debug] [2018-08-16T22:33:05.533Z] <<< HTTP RESPONSE 200
[info] 
[info] === Deploying to 'rommie-91186'...
[info] 
[info] i  deploying functions
[debug] [2018-08-16T22:33:09.641Z] > [functions] package.json contents: {
  "name": "functions",
  "description": "Cloud Functions for Firebase",
  "scripts": {
    "serve": "firebase serve --only functions",
    "shell": "firebase functions:shell",
    "start": "npm run shell",
    "deploy": "firebase deploy --only functions",
    "logs": "firebase functions:log"
  },
  "dependencies": {
    "firebase-admin": "~6.0.0",
    "firebase-functions": "^2.0.3",
    "js-joda": "1.8.2",
    "js-joda-timezone": "2.0.0"
  },
  "private": true
}
[info] i  functions: ensuring necessary APIs are enabled...
[debug] [2018-08-16T22:33:09.642Z] >>> HTTP REQUEST GET https://servicemanagement.googleapis.com/v1/services/cloudfunctions.googleapis.com/projectSettings/rommie-91186?view=CONSUMER_VIEW  
 
[debug] [2018-08-16T22:33:09.643Z] >>> HTTP REQUEST GET https://servicemanagement.googleapis.com/v1/services/runtimeconfig.googleapis.com/projectSettings/rommie-91186?view=CONSUMER_VIEW  
 
[debug] [2018-08-16T22:33:10.815Z] <<< HTTP RESPONSE 200
[debug] [2018-08-16T22:33:10.948Z] <<< HTTP RESPONSE 200
[info] +  functions: all necessary APIs are enabled
[debug] [2018-08-16T22:33:10.949Z] >>> HTTP REQUEST GET https://cloudresourcemanager.googleapis.com/v1/projects/rommie-91186  
 
[debug] [2018-08-16T22:33:11.571Z] <<< HTTP RESPONSE 200
[debug] [2018-08-16T22:33:11.572Z] >>> HTTP REQUEST GET https://mobilesdk-pa.googleapis.com/v1/projects/1016122522358:getServerAppConfig  
 
[debug] [2018-08-16T22:33:12.582Z] <<< HTTP RESPONSE 200
[info] i  functions: preparing functions directory for uploading...
[debug] [2018-08-16T22:33:12.584Z] >>> HTTP REQUEST GET https://runtimeconfig.googleapis.com/v1beta1/projects/rommie-91186/configs  
 
[debug] [2018-08-16T22:33:13.574Z] <<< HTTP RESPONSE 200
[info] i  functions: packaged functions (42.26 KB) for uploading
[debug] [2018-08-16T22:33:13.838Z] >>> HTTP REQUEST POST https://cloudfunctions.googleapis.com/v1/projects/rommie-91186/locations/us-central1/functions:generateUploadUrl  
 
[debug] [2018-08-16T22:33:14.977Z] <<< HTTP RESPONSE 200
[debug] [2018-08-16T22:33:14.978Z] >>> HTTP REQUEST PUT https://storage.googleapis.com/gcf-upload-us-central1-ea221fca-7a52-4ca6-b16a-482e32fd50a3/ee3efbab-f4b4-42af-928c-b179d3140d1a.zip?GoogleAccessId=service-1016122522358@gcf-admin-robot.iam.gserviceaccount.com&Expires=1534460593&Signature=RxUZCDgp13amERorXoKF%2FopkdwUDqAChIUBqDia8JH%2Fdh2DONSGFqCVTRYFn4hp8wRm%2FWdFAIvQlxt9vtXoslkV1rU09AXBkVPlc3p4R%2F0DhQlyQyjlbQ%2FRWIRhOwc%2BBFaC2U9v7zYWe%2BGWOvVqRRJkCPYRQ8Q4IJ8L72PZAwZX%2BpvRSoI1iIgGo8emS4n3Alhyu4UGPi6dk%2BEnJCxMxrlF42f8xoPni4t7Gl6s4l%2BZ8spSDmQs%2B5zL0JRNqM7xwqHdIjdjL5NVW6cYqJ0%2F9up3a4dQkdG5KvI1GS0ZiM%2BUtA%2BrDem9zw8djaDMGAAx89isMW21tS0PxqwuoHK2Xzg%3D%3D  

[debug] [2018-08-16T22:33:16.078Z] <<< HTTP RESPONSE 200
[info] +  functions: functions folder uploaded successfully
[debug] [2018-08-16T22:33:16.080Z] >>> HTTP REQUEST GET https://cloudfunctions.googleapis.com/v1/projects/rommie-91186/locations/-/functions  
 
[debug] [2018-08-16T22:33:16.856Z] <<< HTTP RESPONSE 200
[info] i  functions: updating Node.js 6 function markAsDelivered(us-central1)...
[debug] [2018-08-16T22:33:16.858Z] Trigger is:  {"eventTrigger":{"resource":"projects/_/instances/rommie-91186/refs/edepa5/chat/{pushId}","eventType":"providers/google.firebase.database/eventTypes/ref.create","service":"firebaseio.com"}}
[info] i  functions: updating Node.js 6 function addDateToEvent(us-central1)...
[debug] [2018-08-16T22:33:16.859Z] Trigger is:  {"eventTrigger":{"resource":"projects/_/instances/rommie-91186/refs/edepa5/schedule/{pushId}","eventType":"providers/google.firebase.database/eventTypes/ref.create","service":"firebaseio.com"}}
[info] i  functions: updating Node.js 6 function updateDateToEvent(us-central1)...
[debug] [2018-08-16T22:33:16.860Z] Trigger is:  {"eventTrigger":{"resource":"projects/_/instances/rommie-91186/refs/edepa5/schedule/{pushId}/start","eventType":"providers/google.firebase.database/eventTypes/ref.update","service":"firebaseio.com"}}
[info] i  functions: updating Node.js 6 function increaseFavorites(us-central1)...
[debug] [2018-08-16T22:33:16.861Z] Trigger is:  {"eventTrigger":{"resource":"projects/_/instances/rommie-91186/refs/edepa5/favorites/{userId}/{eventId}","eventType":"providers/google.firebase.database/eventTypes/ref.write","service":"firebaseio.com"}}
[info] 
The following functions are found in your project but do not exist in your local source code:
	pushNotification(us-central1)

If you are renaming a function or changing its region, it is recommended that you create the new function first before deleting the old one to prevent event loss. For more info, visit https://firebase.google.com/docs/functions/manage-functions#modify

